2018-04-06 07:27:16 21 [Warning] Using unique option prefix myisam-recover instead of myisam-recover-options is deprecated and will be removed in a future release. Please use the full name instead.
2018-04-06 07:27:16 21 [Note] Plugin 'FEDERATED' is disabled.
2018-04-06 07:27:17 21 [Note] InnoDB: Using atomics to ref count buffer pool pages
2018-04-06 07:27:17 21 [Note] InnoDB: The InnoDB memory heap is disabled
2018-04-06 07:27:17 21 [Note] InnoDB: Mutexes and rw_locks use GCC atomic builtins
2018-04-06 07:27:17 21 [Note] InnoDB: Memory barrier is not used
2018-04-06 07:27:17 21 [Note] InnoDB: Compressed tables use zlib 1.2.3
2018-04-06 07:27:17 21 [Note] InnoDB: Using Linux native AIO
2018-04-06 07:27:17 21 [Note] InnoDB: Using CPU crc32 instructions
2018-04-06 07:27:17 21 [Note] InnoDB: Initializing buffer pool, size = 32.0M
2018-04-06 07:27:17 21 [Note] InnoDB: Completed initialization of buffer pool
2018-04-06 07:27:17 21 [Note] InnoDB: Highest supported file format is Barracuda.
2018-04-06 07:27:17 21 [Note] InnoDB: The log sequence numbers 1625987 and 1625987 in ibdata files do not match the log sequence number 1625997 in the ib_logfiles!
2018-04-06 07:27:17 21 [Note] InnoDB: Database was not shutdown normally!
2018-04-06 07:27:17 21 [Note] InnoDB: Starting crash recovery.
2018-04-06 07:27:17 21 [Note] InnoDB: Reading tablespace information from the .ibd files...
2018-04-06 07:27:17 21 [Note] InnoDB: Restoring possible half-written data pages 
2018-04-06 07:27:17 21 [Note] InnoDB: from the doublewrite buffer...
2018-04-06 07:27:19 21 [Note] InnoDB: 128 rollback segment(s) are active.
2018-04-06 07:27:19 21 [Note] InnoDB: Waiting for purge to start
2018-04-06 07:27:19 21 [Note] InnoDB: 5.6.37 started; log sequence number 1625997
2018-04-06 07:27:19 21 [Note] Server hostname (bind-address): '*'; port: 3306
2018-04-06 07:27:19 21 [Note] IPv6 is available.
2018-04-06 07:27:19 21 [Note]   - '::' resolves to '::';
2018-04-06 07:27:19 21 [Note] Server socket created on IP: '::'.
2018-04-06 07:27:19 21 [ERROR] /usr/sbin/mysqld: Table './mysql/user' is marked as crashed and should be repaired
2018-04-06 07:27:19 21 [Warning] Checking table:   './mysql/user'
2018-04-06 07:27:19 21 [ERROR] 1 client is using or hasn't closed the table properly
2018-04-06 07:27:19 21 [Warning] 'user' entry 'root@e24d0b5cccc1' ignored in --skip-name-resolve mode.
2018-04-06 07:27:19 21 [Warning] 'user' entry '@e24d0b5cccc1' ignored in --skip-name-resolve mode.
2018-04-06 07:27:19 21 [Warning] 'proxies_priv' entry '@ root@e24d0b5cccc1' ignored in --skip-name-resolve mode.
2018-04-06 07:27:20 21 [Note] Event Scheduler: Loaded 0 events
2018-04-06 07:27:20 21 [Note] /usr/sbin/mysqld: ready for connections.
Version: '5.6.37'  socket: '/var/run/mysqld/mysqld.sock'  port: 3306  MySQL Community Server (GPL)
2018-04-13 10:20:08 41 [Warning] Using unique option prefix myisam-recover instead of myisam-recover-options is deprecated and will be removed in a future release. Please use the full name instead.
2018-04-13 10:20:08 41 [Note] Plugin 'FEDERATED' is disabled.
2018-04-13 10:20:08 41 [Note] InnoDB: Using atomics to ref count buffer pool pages
2018-04-13 10:20:08 41 [Note] InnoDB: The InnoDB memory heap is disabled
2018-04-13 10:20:08 41 [Note] InnoDB: Mutexes and rw_locks use GCC atomic builtins
2018-04-13 10:20:08 41 [Note] InnoDB: Memory barrier is not used
2018-04-13 10:20:08 41 [Note] InnoDB: Compressed tables use zlib 1.2.3
2018-04-13 10:20:08 41 [Note] InnoDB: Using Linux native AIO
2018-04-13 10:20:08 41 [Note] InnoDB: Using CPU crc32 instructions
2018-04-13 10:20:08 41 [Note] InnoDB: Initializing buffer pool, size = 32.0M
2018-04-13 10:20:08 41 [Note] InnoDB: Completed initialization of buffer pool
2018-04-13 10:20:09 41 [Note] InnoDB: Highest supported file format is Barracuda.
2018-04-13 10:20:09 41 [Note] InnoDB: The log sequence numbers 1625987 and 1625987 in ibdata files do not match the log sequence number 2528235 in the ib_logfiles!
2018-04-13 10:20:09 41 [Note] InnoDB: Database was not shutdown normally!
2018-04-13 10:20:09 41 [Note] InnoDB: Starting crash recovery.
2018-04-13 10:20:09 41 [Note] InnoDB: Reading tablespace information from the .ibd files...
2018-04-13 10:20:09 41 [Note] InnoDB: Restoring possible half-written data pages 
2018-04-13 10:20:09 41 [Note] InnoDB: from the doublewrite buffer...
2018-04-13 10:20:10 41 [Note] InnoDB: 128 rollback segment(s) are active.
2018-04-13 10:20:10 41 [Note] InnoDB: Waiting for purge to start
2018-04-13 10:20:10 41 [Note] InnoDB: 5.6.37 started; log sequence number 2528235
2018-04-13 10:20:10 41 [Note] Server hostname (bind-address): '*'; port: 3306
2018-04-13 10:20:10 41 [Note] IPv6 is available.
2018-04-13 10:20:10 41 [Note]   - '::' resolves to '::';
2018-04-13 10:20:10 41 [Note] Server socket created on IP: '::'.
2018-04-13 10:20:10 41 [Warning] 'user' entry 'root@e24d0b5cccc1' ignored in --skip-name-resolve mode.
2018-04-13 10:20:10 41 [Warning] 'user' entry '@e24d0b5cccc1' ignored in --skip-name-resolve mode.
2018-04-13 10:20:10 41 [Warning] 'proxies_priv' entry '@ root@e24d0b5cccc1' ignored in --skip-name-resolve mode.
2018-04-13 10:20:10 41 [Note] Event Scheduler: Loaded 0 events
2018-04-13 10:20:10 41 [Note] /usr/sbin/mysqld: ready for connections.
Version: '5.6.37'  socket: '/var/run/mysqld/mysqld.sock'  port: 3306  MySQL Community Server (GPL)
2018-04-20 10:15:25 76 [Warning] Using unique option prefix myisam-recover instead of myisam-recover-options is deprecated and will be removed in a future release. Please use the full name instead.
2018-04-20 10:15:25 76 [Note] Plugin 'FEDERATED' is disabled.
2018-04-20 10:15:26 76 [Note] InnoDB: Using atomics to ref count buffer pool pages
2018-04-20 10:15:26 76 [Note] InnoDB: The InnoDB memory heap is disabled
2018-04-20 10:15:26 76 [Note] InnoDB: Mutexes and rw_locks use GCC atomic builtins
2018-04-20 10:15:26 76 [Note] InnoDB: Memory barrier is not used
2018-04-20 10:15:26 76 [Note] InnoDB: Compressed tables use zlib 1.2.3
2018-04-20 10:15:26 76 [Note] InnoDB: Using Linux native AIO
2018-04-20 10:15:26 76 [Note] InnoDB: Using CPU crc32 instructions
2018-04-20 10:15:26 76 [Note] InnoDB: Initializing buffer pool, size = 32.0M
2018-04-20 10:15:26 76 [Note] InnoDB: Completed initialization of buffer pool
2018-04-20 10:15:26 76 [Note] InnoDB: Highest supported file format is Barracuda.
2018-04-20 10:15:26 76 [Note] InnoDB: The log sequence numbers 1625987 and 1625987 in ibdata files do not match the log sequence number 2528245 in the ib_logfiles!
2018-04-20 10:15:26 76 [Note] InnoDB: Database was not shutdown normally!
2018-04-20 10:15:26 76 [Note] InnoDB: Starting crash recovery.
2018-04-20 10:15:26 76 [Note] InnoDB: Reading tablespace information from the .ibd files...
2018-04-20 10:15:26 76 [Note] InnoDB: Restoring possible half-written data pages 
2018-04-20 10:15:26 76 [Note] InnoDB: from the doublewrite buffer...
2018-04-20 10:15:27 76 [Note] InnoDB: 128 rollback segment(s) are active.
2018-04-20 10:15:27 76 [Note] InnoDB: Waiting for purge to start
2018-04-20 10:15:27 76 [Note] InnoDB: 5.6.37 started; log sequence number 2528245
2018-04-20 10:15:27 76 [Note] Server hostname (bind-address): '*'; port: 3306
2018-04-20 10:15:27 76 [Note] IPv6 is available.
2018-04-20 10:15:27 76 [Note]   - '::' resolves to '::';
2018-04-20 10:15:27 76 [Note] Server socket created on IP: '::'.
2018-04-20 10:15:28 76 [Warning] 'user' entry 'root@e24d0b5cccc1' ignored in --skip-name-resolve mode.
2018-04-20 10:15:28 76 [Warning] 'user' entry '@e24d0b5cccc1' ignored in --skip-name-resolve mode.
2018-04-20 10:15:28 76 [Warning] 'proxies_priv' entry '@ root@e24d0b5cccc1' ignored in --skip-name-resolve mode.
2018-04-20 10:15:28 76 [Note] Event Scheduler: Loaded 0 events
2018-04-20 10:15:28 76 [Note] /usr/sbin/mysqld: ready for connections.
Version: '5.6.37'  socket: '/var/run/mysqld/mysqld.sock'  port: 3306  MySQL Community Server (GPL)
2018-04-21 21:09:57 160 [Warning] Using unique option prefix myisam-recover instead of myisam-recover-options is deprecated and will be removed in a future release. Please use the full name instead.
2018-04-21 21:09:57 160 [Note] Plugin 'FEDERATED' is disabled.
2018-04-21 21:09:58 160 [Note] InnoDB: Using atomics to ref count buffer pool pages
2018-04-21 21:09:58 160 [Note] InnoDB: The InnoDB memory heap is disabled
2018-04-21 21:09:58 160 [Note] InnoDB: Mutexes and rw_locks use GCC atomic builtins
2018-04-21 21:09:58 160 [Note] InnoDB: Memory barrier is not used
2018-04-21 21:09:58 160 [Note] InnoDB: Compressed tables use zlib 1.2.3
2018-04-21 21:09:58 160 [Note] InnoDB: Using Linux native AIO
2018-04-21 21:09:58 160 [Note] InnoDB: Using CPU crc32 instructions
2018-04-21 21:09:58 160 [Note] InnoDB: Initializing buffer pool, size = 32.0M
2018-04-21 21:09:58 160 [Note] InnoDB: Completed initialization of buffer pool
2018-04-21 21:09:59 160 [Note] InnoDB: Highest supported file format is Barracuda.
2018-04-21 21:09:59 160 [Note] InnoDB: The log sequence numbers 1625987 and 1625987 in ibdata files do not match the log sequence number 2628562 in the ib_logfiles!
2018-04-21 21:09:59 160 [Note] InnoDB: Database was not shutdown normally!
2018-04-21 21:09:59 160 [Note] InnoDB: Starting crash recovery.
2018-04-21 21:09:59 160 [Note] InnoDB: Reading tablespace information from the .ibd files...
2018-04-21 21:09:59 160 [Note] InnoDB: Restoring possible half-written data pages 
2018-04-21 21:09:59 160 [Note] InnoDB: from the doublewrite buffer...
2018-04-21 21:10:02 160 [Note] InnoDB: 128 rollback segment(s) are active.
2018-04-21 21:10:02 160 [Note] InnoDB: Waiting for purge to start
2018-04-21 21:10:02 160 [Note] InnoDB: 5.6.37 started; log sequence number 2628562
2018-04-21 21:10:02 160 [Note] Server hostname (bind-address): '*'; port: 3306
2018-04-21 21:10:02 160 [Note] IPv6 is available.
2018-04-21 21:10:02 160 [Note]   - '::' resolves to '::';
2018-04-21 21:10:02 160 [Note] Server socket created on IP: '::'.
2018-04-21 21:10:02 160 [Warning] 'user' entry 'root@e24d0b5cccc1' ignored in --skip-name-resolve mode.
2018-04-21 21:10:02 160 [Warning] 'user' entry '@e24d0b5cccc1' ignored in --skip-name-resolve mode.
2018-04-21 21:10:02 160 [Warning] 'proxies_priv' entry '@ root@e24d0b5cccc1' ignored in --skip-name-resolve mode.
2018-04-21 21:10:03 160 [Note] Event Scheduler: Loaded 0 events
2018-04-21 21:10:03 160 [Note] /usr/sbin/mysqld: ready for connections.
Version: '5.6.37'  socket: '/var/run/mysqld/mysqld.sock'  port: 3306  MySQL Community Server (GPL)
2018-04-29 11:56:34 82 [Warning] Using unique option prefix myisam-recover instead of myisam-recover-options is deprecated and will be removed in a future release. Please use the full name instead.
2018-04-29 11:56:34 82 [Note] Plugin 'FEDERATED' is disabled.
2018-04-29 11:56:34 82 [Note] InnoDB: Using atomics to ref count buffer pool pages
2018-04-29 11:56:34 82 [Note] InnoDB: The InnoDB memory heap is disabled
2018-04-29 11:56:34 82 [Note] InnoDB: Mutexes and rw_locks use GCC atomic builtins
2018-04-29 11:56:34 82 [Note] InnoDB: Memory barrier is not used
2018-04-29 11:56:34 82 [Note] InnoDB: Compressed tables use zlib 1.2.3
2018-04-29 11:56:34 82 [Note] InnoDB: Using Linux native AIO
2018-04-29 11:56:34 82 [Note] InnoDB: Using CPU crc32 instructions
2018-04-29 11:56:34 82 [Note] InnoDB: Initializing buffer pool, size = 32.0M
2018-04-29 11:56:34 82 [Note] InnoDB: Completed initialization of buffer pool
2018-04-29 11:56:35 82 [Note] InnoDB: Highest supported file format is Barracuda.
2018-04-29 11:56:35 82 [Note] InnoDB: The log sequence numbers 1625987 and 1625987 in ibdata files do not match the log sequence number 2628804 in the ib_logfiles!
2018-04-29 11:56:35 82 [Note] InnoDB: Database was not shutdown normally!
2018-04-29 11:56:35 82 [Note] InnoDB: Starting crash recovery.
2018-04-29 11:56:35 82 [Note] InnoDB: Reading tablespace information from the .ibd files...
2018-04-29 11:56:35 82 [Note] InnoDB: Restoring possible half-written data pages 
2018-04-29 11:56:35 82 [Note] InnoDB: from the doublewrite buffer...
2018-04-29 11:56:36 82 [Note] InnoDB: 128 rollback segment(s) are active.
2018-04-29 11:56:36 82 [Note] InnoDB: Waiting for purge to start
2018-04-29 11:56:36 82 [Note] InnoDB: 5.6.37 started; log sequence number 2628804
2018-04-29 11:56:36 82 [Note] Server hostname (bind-address): '*'; port: 3306
2018-04-29 11:56:36 82 [Note] IPv6 is available.
2018-04-29 11:56:36 82 [Note]   - '::' resolves to '::';
2018-04-29 11:56:36 82 [Note] Server socket created on IP: '::'.
2018-04-29 11:56:36 82 [Warning] 'user' entry 'root@e24d0b5cccc1' ignored in --skip-name-resolve mode.
2018-04-29 11:56:36 82 [Warning] 'user' entry '@e24d0b5cccc1' ignored in --skip-name-resolve mode.
2018-04-29 11:56:36 82 [Warning] 'proxies_priv' entry '@ root@e24d0b5cccc1' ignored in --skip-name-resolve mode.
2018-04-29 11:56:36 82 [Note] Event Scheduler: Loaded 0 events
2018-04-29 11:56:36 82 [Note] /usr/sbin/mysqld: ready for connections.
Version: '5.6.37'  socket: '/var/run/mysqld/mysqld.sock'  port: 3306  MySQL Community Server (GPL)
